[01m[K/root/ros2_ws/src/endicott/src/endicott_turtle_controler.cpp:[m[K In member function â€˜[01m[Kvoid GotoNode::move_to_target()[m[Kâ€™:
[01m[K/root/ros2_ws/src/endicott/src/endicott_turtle_controler.cpp:48:39:[m[K [01;31m[Kerror: [m[Kexpected â€˜[01m[K)[m[Kâ€™ before numeric constant
   48 |       if (std::fabs(angular_error) >4 [01;31m[K0.1[m[K) {
      |                                       [01;31m[K^~~[m[K
[01m[K/root/ros2_ws/src/endicott/src/endicott_turtle_controler.cpp:48:10:[m[K [01;36m[Knote: [m[Kto match this â€˜[01m[K([m[Kâ€™
   48 |       if [01;36m[K([m[Kstd::fabs(angular_error) >4 0.1) {
      |          [01;36m[K^[m[K
gmake[2]: *** [CMakeFiles/endicott_turtle_controler.dir/build.make:76: CMakeFiles/endicott_turtle_controler.dir/src/endicott_turtle_controler.cpp.o] Error 1
gmake[1]: *** [CMakeFiles/Makefile2:137: CMakeFiles/endicott_turtle_controler.dir/all] Error 2
gmake: *** [Makefile:146: all] Error 2
