[0.014s] Invoking command in '/root/ros2_ws/src/endicott/build/endicott': CMAKE_PREFIX_PATH=${CMAKE_PREFIX_PATH}:/opt/ros/humble /usr/bin/cmake --build /root/ros2_ws/src/endicott/build/endicott -- -j8 -l8
[0.049s] [35m[1mConsolidate compiler generated dependencies of target endicott_turtle_controler[0m
[0.066s] [ 50%] [32mBuilding CXX object CMakeFiles/endicott_turtle_controler.dir/src/endicott_turtle_controler.cpp.o[0m
[2.062s] [01m[K/root/ros2_ws/src/endicott/src/endicott_turtle_controler.cpp:[m[K In member function â€˜[01m[Kvoid GotoNode::move_to_target()[m[Kâ€™:
[2.062s] [01m[K/root/ros2_ws/src/endicott/src/endicott_turtle_controler.cpp:48:39:[m[K [01;31m[Kerror: [m[Kexpected â€˜[01m[K)[m[Kâ€™ before numeric constant
[2.062s]    48 |       if (std::fabs(angular_error) >4 [01;31m[K0.1[m[K) {
[2.062s]       |                                       [01;31m[K^~~[m[K
[2.062s] [01m[K/root/ros2_ws/src/endicott/src/endicott_turtle_controler.cpp:48:10:[m[K [01;36m[Knote: [m[Kto match this â€˜[01m[K([m[Kâ€™
[2.063s]    48 |       if [01;36m[K([m[Kstd::fabs(angular_error) >4 0.1) {
[2.063s]       |          [01;36m[K^[m[K
[4.256s] gmake[2]: *** [CMakeFiles/endicott_turtle_controler.dir/build.make:76: CMakeFiles/endicott_turtle_controler.dir/src/endicott_turtle_controler.cpp.o] Error 1
[4.256s] gmake[1]: *** [CMakeFiles/Makefile2:137: CMakeFiles/endicott_turtle_controler.dir/all] Error 2
[4.257s] gmake: *** [Makefile:146: all] Error 2
[4.260s] Invoked command in '/root/ros2_ws/src/endicott/build/endicott' returned '2': CMAKE_PREFIX_PATH=${CMAKE_PREFIX_PATH}:/opt/ros/humble /usr/bin/cmake --build /root/ros2_ws/src/endicott/build/endicott -- -j8 -l8
