[35m[1mConsolidate compiler generated dependencies of target endicott_turtle_controler[0m
[ 50%] [32mBuilding CXX object CMakeFiles/endicott_turtle_controler.dir/src/endicott_turtle_controler.cpp.o[0m
[01m[K/root/ros2_ws/src/endicott/src/endicott_turtle_controler.cpp:[m[K In member function â€˜[01m[Kvoid GotoNode::move_to_target()[m[Kâ€™:
[01m[K/root/ros2_ws/src/endicott/src/endicott_turtle_controler.cpp:48:39:[m[K [01;31m[Kerror: [m[Kexpected â€˜[01m[K)[m[Kâ€™ before numeric constant
   48 |       if (std::fabs(angular_error) >4 [01;31m[K0.1[m[K) {
      |                                       [01;31m[K^~~[m[K
[01m[K/root/ros2_ws/src/endicott/src/endicott_turtle_controler.cpp:48:10:[m[K [01;36m[Knote: [m[Kto match this â€˜[01m[K([m[Kâ€™
   48 |       if [01;36m[K([m[Kstd::fabs(angular_error) >4 0.1) {
      |          [01;36m[K^[m[K
[01m[K/root/ros2_ws/src/endicott/src/endicott_turtle_controler.cpp:[m[K In function â€˜[01m[Kint main(int, char**)[m[Kâ€™:
[01m[K/root/ros2_ws/src/endicott/src/endicott_turtle_controler.cpp:96:35:[m[K [01;31m[Kerror: [m[Kexpected â€˜[01m[K;[m[Kâ€™ before â€˜[01m[K}[m[Kâ€™ token
   96 |     if (target_x <0) {target_x = 0[01;31m[K}[m[K
      |                                   [01;31m[K^[m[K
      |                                   [32m[K;[m[K
[01m[K/root/ros2_ws/src/endicott/src/endicott_turtle_controler.cpp:97:43:[m[K [01;31m[Kerror: [m[Kexpected â€˜[01m[K;[m[Kâ€™ before â€˜[01m[K}[m[Kâ€™ token
   97 |     if (target_x >11.08) {target_x = 11.08[01;31m[K}[m[K
      |                                           [01;31m[K^[m[K
      |                                           [32m[K;[m[K
[01m[K/root/ros2_ws/src/endicott/src/endicott_turtle_controler.cpp:101:35:[m[K [01;31m[Kerror: [m[Kexpected â€˜[01m[K;[m[Kâ€™ before â€˜[01m[K}[m[Kâ€™ token
  101 |     if (target_y <0) {target_y = 0[01;31m[K}[m[K
      |                                   [01;31m[K^[m[K
      |                                   [32m[K;[m[K
[01m[K/root/ros2_ws/src/endicott/src/endicott_turtle_controler.cpp:102:43:[m[K [01;31m[Kerror: [m[Kexpected â€˜[01m[K;[m[Kâ€™ before â€˜[01m[K}[m[Kâ€™ token
  102 |     if (target_y >11.08) {target_y = 11.08[01;31m[K}[m[K
      |                                           [01;31m[K^[m[K
      |                                           [32m[K;[m[K
gmake[2]: *** [CMakeFiles/endicott_turtle_controler.dir/build.make:76: CMakeFiles/endicott_turtle_controler.dir/src/endicott_turtle_controler.cpp.o] Error 1
gmake[1]: *** [CMakeFiles/Makefile2:137: CMakeFiles/endicott_turtle_controler.dir/all] Error 2
gmake: *** [Makefile:146: all] Error 2
