[0.016s] Invoking command in '/root/ros2_ws/src/endicott/build/endicott': CMAKE_PREFIX_PATH=${CMAKE_PREFIX_PATH}:/opt/ros/humble /usr/bin/cmake --build /root/ros2_ws/src/endicott/build/endicott -- -j8 -l8
[0.112s] [35m[1mConsolidate compiler generated dependencies of target endicott_turtle_controler[0m
[0.132s] [ 50%] [32mBuilding CXX object CMakeFiles/endicott_turtle_controler.dir/src/endicott_turtle_controler.cpp.o[0m
[2.357s] [01m[K/root/ros2_ws/src/endicott/src/endicott_turtle_controler.cpp:[m[K In member function â€˜[01m[Kvoid GotoNode::move_to_target()[m[Kâ€™:
[2.357s] [01m[K/root/ros2_ws/src/endicott/src/endicott_turtle_controler.cpp:48:39:[m[K [01;31m[Kerror: [m[Kexpected â€˜[01m[K)[m[Kâ€™ before numeric constant
[2.357s]    48 |       if (std::fabs(angular_error) >4 [01;31m[K0.1[m[K) {
[2.357s]       |                                       [01;31m[K^~~[m[K
[2.357s] [01m[K/root/ros2_ws/src/endicott/src/endicott_turtle_controler.cpp:48:10:[m[K [01;36m[Knote: [m[Kto match this â€˜[01m[K([m[Kâ€™
[2.357s]    48 |       if [01;36m[K([m[Kstd::fabs(angular_error) >4 0.1) {
[2.358s]       |          [01;36m[K^[m[K
[2.363s] [01m[K/root/ros2_ws/src/endicott/src/endicott_turtle_controler.cpp:[m[K In function â€˜[01m[Kint main(int, char**)[m[Kâ€™:
[2.363s] [01m[K/root/ros2_ws/src/endicott/src/endicott_turtle_controler.cpp:96:35:[m[K [01;31m[Kerror: [m[Kexpected â€˜[01m[K;[m[Kâ€™ before â€˜[01m[K}[m[Kâ€™ token
[2.363s]    96 |     if (target_x <0) {target_x = 0[01;31m[K}[m[K
[2.364s]       |                                   [01;31m[K^[m[K
[2.364s]       |                                   [32m[K;[m[K
[2.364s] [01m[K/root/ros2_ws/src/endicott/src/endicott_turtle_controler.cpp:97:43:[m[K [01;31m[Kerror: [m[Kexpected â€˜[01m[K;[m[Kâ€™ before â€˜[01m[K}[m[Kâ€™ token
[2.364s]    97 |     if (target_x >11.08) {target_x = 11.08[01;31m[K}[m[K
[2.364s]       |                                           [01;31m[K^[m[K
[2.364s]       |                                           [32m[K;[m[K
[2.364s] [01m[K/root/ros2_ws/src/endicott/src/endicott_turtle_controler.cpp:101:35:[m[K [01;31m[Kerror: [m[Kexpected â€˜[01m[K;[m[Kâ€™ before â€˜[01m[K}[m[Kâ€™ token
[2.364s]   101 |     if (target_y <0) {target_y = 0[01;31m[K}[m[K
[2.364s]       |                                   [01;31m[K^[m[K
[2.364s]       |                                   [32m[K;[m[K
[2.364s] [01m[K/root/ros2_ws/src/endicott/src/endicott_turtle_controler.cpp:102:43:[m[K [01;31m[Kerror: [m[Kexpected â€˜[01m[K;[m[Kâ€™ before â€˜[01m[K}[m[Kâ€™ token
[2.364s]   102 |     if (target_y >11.08) {target_y = 11.08[01;31m[K}[m[K
[2.364s]       |                                           [01;31m[K^[m[K
[2.364s]       |                                           [32m[K;[m[K
[4.837s] gmake[2]: *** [CMakeFiles/endicott_turtle_controler.dir/build.make:76: CMakeFiles/endicott_turtle_controler.dir/src/endicott_turtle_controler.cpp.o] Error 1
[4.837s] gmake[1]: *** [CMakeFiles/Makefile2:137: CMakeFiles/endicott_turtle_controler.dir/all] Error 2
[4.838s] gmake: *** [Makefile:146: all] Error 2
[4.842s] Invoked command in '/root/ros2_ws/src/endicott/build/endicott' returned '2': CMAKE_PREFIX_PATH=${CMAKE_PREFIX_PATH}:/opt/ros/humble /usr/bin/cmake --build /root/ros2_ws/src/endicott/build/endicott -- -j8 -l8
